Using pre-set license
Built from '2020.3/release' branch; Version is '2020.3.1f1 (77a89f25062f) revision 7841951'; Using compiler version '192528614'; Build Type 'Release'
OS: 'Windows 10 Home; OS build 19042.928; Version 2009; 64bit' Language: 'en' Physical Memory: 16230 MB
BatchMode: 1, IsHumanControllingUs: 0, StartBugReporterOnCrash: 0, Is64bit: 1, IsPro: 0

 COMMAND LINE ARGUMENTS:
D:\Unity\2020.3.1f1\Editor\Unity.exe
-adb2
-batchMode
-noUpm
-name
AssetImportWorker0
-projectPath
D:/Games/JiB/JiB
-logFile
Logs/AssetImportWorker0.log
-srvPort
57968
Successfully changed project path to: D:/Games/JiB/JiB
D:/Games/JiB/JiB
Using Asset Import Pipeline V2.
Refreshing native plugins compatible for Editor in 34.30 ms, found 1 plugins.
Preloading 0 native plugins for Editor in 0.00 ms.
Initialize engine version: 2020.3.1f1 (77a89f25062f)
[Subsystems] Discovering subsystems at path D:/Unity/2020.3.1f1/Editor/Data/Resources/UnitySubsystems
[Subsystems] Discovering subsystems at path D:/Games/JiB/JiB/Assets
GfxDevice: creating device client; threaded=0
Direct3D:
    Version:  Direct3D 11.0 [level 11.1]
    Renderer: NVIDIA GeForce GTX 1060 (ID=0x1c20)
    Vendor:   
    VRAM:     2987 MB
    Driver:   24.21.13.9835
Initialize mono
Mono path[0] = 'D:/Unity/2020.3.1f1/Editor/Data/Managed'
Mono path[1] = 'D:/Unity/2020.3.1f1/Editor/Data/MonoBleedingEdge/lib/mono/unityjit'
Mono config path = 'D:/Unity/2020.3.1f1/Editor/Data/MonoBleedingEdge/etc'
Using monoOptions --debugger-agent=transport=dt_socket,embedding=1,server=y,suspend=n,address=127.0.0.1:56292
Begin MonoManager ReloadAssembly
Registering precompiled unity dll's ...
Register platform support module: D:/Unity/2020.3.1f1/Editor/Data/PlaybackEngines/WebGLSupport/UnityEditor.WebGL.Extensions.dll
Register platform support module: D:/Unity/2020.3.1f1/Editor/Data/PlaybackEngines/MacStandaloneSupport/UnityEditor.OSXStandalone.Extensions.dll
Register platform support module: D:/Unity/2020.3.1f1/Editor/Data/PlaybackEngines/WindowsStandaloneSupport/UnityEditor.WindowsStandalone.Extensions.dll
Registered in 0.001322 seconds.
Native extension for WindowsStandalone target not found
Native extension for OSXStandalone target not found
Native extension for WebGL target not found
Refreshing native plugins compatible for Editor in 32.26 ms, found 1 plugins.
Preloading 0 native plugins for Editor in 0.00 ms.
Invoked RoslynAnalysisRunner static constructor.
RoslynAnalysisRunner will not be running.
RoslynAnalysisRunner has terminated.
Mono: successfully reloaded assembly
- Completed reload, in  1.333 seconds
Platform modules already initialized, skipping
Registering precompiled user dll's ...
Registered in 0.000622 seconds.
Begin MonoManager ReloadAssembly
Native extension for WindowsStandalone target not found
Native extension for OSXStandalone target not found
Native extension for WebGL target not found
Refreshing native plugins compatible for Editor in 32.69 ms, found 1 plugins.
Preloading 0 native plugins for Editor in 0.00 ms.
Invoked RoslynAnalysisRunner static constructor.
RoslynAnalysisRunner will not be running.
RoslynAnalysisRunner has terminated.
Mono: successfully reloaded assembly
- Completed reload, in  1.533 seconds
Platform modules already initialized, skipping
========================================================================
Worker process is ready to serve import requests
Launched and connected shader compiler UnityShaderCompiler.exe after 0.04 seconds
Refreshing native plugins compatible for Editor in 0.50 ms, found 1 plugins.
Preloading 0 native plugins for Editor in 0.00 ms.
Unloading 1820 Unused Serialized files (Serialized files now loaded: 0)
System memory in use before: 86.3 MB.
System memory in use after: 86.4 MB.

Unloading 19 unused Assets to reduce memory usage. Loaded Objects now: 2267.
Total: 1.941700 ms (FindLiveObjects: 0.196200 ms CreateObjectMapping: 0.102600 ms MarkObjects: 1.581200 ms  DeleteObjects: 0.060400 ms)

========================================================================
Received Import Request.
  path: Assets/New TMP Color Gradient.asset
  artifactKey: Guid(42cade3ea4d91452aabb662e633076e2) Importer(815301076,1909f56bfc062723c751e8b465ee728b)
Start importing Assets/New TMP Color Gradient.asset using Guid(42cade3ea4d91452aabb662e633076e2) Importer(815301076,1909f56bfc062723c751e8b465ee728b)  -> (artifact id: 'c26b837f7c1d90c3aa6c1d7a600b181f') in 0.062688 seconds
  Import took 0.065492 seconds .

========================================================================
Received Import Request.
  Time since last request: 7773.094620 seconds.
  path: Assets/Scenes
  artifactKey: Guid(98f8846119876684a8bda3647f9aecde) Importer(815301076,1909f56bfc062723c751e8b465ee728b)
Start importing Assets/Scenes using Guid(98f8846119876684a8bda3647f9aecde) Importer(815301076,1909f56bfc062723c751e8b465ee728b)  -> (artifact id: '8eaaaa644652be13b996e886a85a92ce') in 0.005905 seconds
  Import took 0.008949 seconds .

========================================================================
Received Import Request.
  Time since last request: 0.663939 seconds.
  path: Assets/Scenes
  artifactKey: Guid(98f8846119876684a8bda3647f9aecde) Importer(815301076,1909f56bfc062723c751e8b465ee728b)
Start importing Assets/Scenes using Guid(98f8846119876684a8bda3647f9aecde) Importer(815301076,1909f56bfc062723c751e8b465ee728b)  -> (artifact id: '8eaaaa644652be13b996e886a85a92ce') in 0.001463 seconds
  Import took 0.003851 seconds .

========================================================================
Received Import Request.
  Time since last request: 7.539093 seconds.
  path: Assets/Scenes/Castle.unity
  artifactKey: Guid(7fedee916482c4b199b65bc47da58b81) Importer(815301076,1909f56bfc062723c751e8b465ee728b)
Start importing Assets/Scenes/Castle.unity using Guid(7fedee916482c4b199b65bc47da58b81) Importer(815301076,1909f56bfc062723c751e8b465ee728b)  -> (artifact id: '8aaace9c1330d955cbf2cb02dd3332ae') in 0.006754 seconds
  Import took 0.009206 seconds .

========================================================================
Received Import Request.
  Time since last request: 4128.286108 seconds.
  path: Assets
  artifactKey: Guid(00000000000000001000000000000000) Importer(815301076,1909f56bfc062723c751e8b465ee728b)
Start importing Assets using Guid(00000000000000001000000000000000) Importer(815301076,1909f56bfc062723c751e8b465ee728b)  -> (artifact id: 'a6374019befeac6ce670f13ba9960efb') in 0.006332 seconds
  Import took 0.009385 seconds .

========================================================================
Received Import Request.
  Time since last request: 7.549324 seconds.
  path: Assets/Images
  artifactKey: Guid(fdd13a2abb7f3d0449f30c3e28d2157e) Importer(815301076,1909f56bfc062723c751e8b465ee728b)
Start importing Assets/Images using Guid(fdd13a2abb7f3d0449f30c3e28d2157e) Importer(815301076,1909f56bfc062723c751e8b465ee728b)  -> (artifact id: '3faa4f09be2715d61cd72fbf2ad6d9ad') in 0.005623 seconds
  Import took 0.008326 seconds .

========================================================================
Received Import Request.
  Time since last request: 0.003659 seconds.
  path: Assets/Images
  artifactKey: Guid(fdd13a2abb7f3d0449f30c3e28d2157e) Importer(815301076,1909f56bfc062723c751e8b465ee728b)
Start importing Assets/Images using Guid(fdd13a2abb7f3d0449f30c3e28d2157e) Importer(815301076,1909f56bfc062723c751e8b465ee728b)  -> (artifact id: '3faa4f09be2715d61cd72fbf2ad6d9ad') in 0.002010 seconds
  Import took 0.005183 seconds .

========================================================================
Received Import Request.
  Time since last request: 153.378168 seconds.
  path: Assets/Images/castle.png
  artifactKey: Guid(06a2974c7de4e034298b600403c2d3be) Importer(815301076,1909f56bfc062723c751e8b465ee728b)
Start importing Assets/Images/castle.png using Guid(06a2974c7de4e034298b600403c2d3be) Importer(815301076,1909f56bfc062723c751e8b465ee728b)  -> (artifact id: '0778d8c4f21b3007b3caaf368b8374c5') in 0.174095 seconds
  Import took 0.176911 seconds .

========================================================================
Received Import Request.
  Time since last request: 490.281094 seconds.
  path: Assets/Images/textbox.png
  artifactKey: Guid(49d6aaa54a27bc8429897ec60996006f) Importer(815301076,1909f56bfc062723c751e8b465ee728b)
Start importing Assets/Images/textbox.png using Guid(49d6aaa54a27bc8429897ec60996006f) Importer(815301076,1909f56bfc062723c751e8b465ee728b)  -> (artifact id: 'cfb0d0d3ab14168d2c3cbcb5c4b3dd50') in 0.024970 seconds
  Import took 0.029616 seconds .

========================================================================
Received Import Request.
  Time since last request: 2.074649 seconds.
  path: Assets/Images/button.png
  artifactKey: Guid(3a5730e1f54c36043a7aa659a79d2eeb) Importer(815301076,1909f56bfc062723c751e8b465ee728b)
Start importing Assets/Images/button.png using Guid(3a5730e1f54c36043a7aa659a79d2eeb) Importer(815301076,1909f56bfc062723c751e8b465ee728b)  -> (artifact id: 'b15d34e42a4b18a50b125d89bf117593') in 0.014030 seconds
  Import took 0.017510 seconds .

========================================================================
Received Import Request.
  Time since last request: 0.001239 seconds.
  path: Assets/Images/button.png
  artifactKey: Guid(3a5730e1f54c36043a7aa659a79d2eeb) Importer(815301076,1909f56bfc062723c751e8b465ee728b)
Start importing Assets/Images/button.png using Guid(3a5730e1f54c36043a7aa659a79d2eeb) Importer(815301076,1909f56bfc062723c751e8b465ee728b)  -> (artifact id: 'b15d34e42a4b18a50b125d89bf117593') in 0.011489 seconds
  Import took 0.014365 seconds .

========================================================================
Received Import Request.
  Time since last request: 1.884245 seconds.
  path: Assets/Images/castle_icon.png
  artifactKey: Guid(d572fd86a28fe0449ba1c6efe10c93a1) Importer(815301076,1909f56bfc062723c751e8b465ee728b)
Start importing Assets/Images/castle_icon.png using Guid(d572fd86a28fe0449ba1c6efe10c93a1) Importer(815301076,1909f56bfc062723c751e8b465ee728b)  -> (artifact id: '114e56eeb46da8b392b6d72c3f25b2e5') in 0.013719 seconds
  Import took 0.016684 seconds .

========================================================================
Received Import Request.
  Time since last request: 372.777426 seconds.
  path: Assets/Images/justice_annoyed.png
  artifactKey: Guid(61cbfc31fa7392546adff0486cadb2ab) Importer(815301076,1909f56bfc062723c751e8b465ee728b)
Start importing Assets/Images/justice_annoyed.png using Guid(61cbfc31fa7392546adff0486cadb2ab) Importer(815301076,1909f56bfc062723c751e8b465ee728b)  -> (artifact id: '9bba5bf8767cc81f18ea8b4e4aa6c97b') in 0.039693 seconds
  Import took 0.042933 seconds .

========================================================================
Received Import Request.
  Time since last request: 2.377145 seconds.
  path: Assets/Images/justice_annoyed_shadow.png
  artifactKey: Guid(1777c3c20c90d344aa8b61715f390213) Importer(815301076,1909f56bfc062723c751e8b465ee728b)
Start importing Assets/Images/justice_annoyed_shadow.png using Guid(1777c3c20c90d344aa8b61715f390213) Importer(815301076,1909f56bfc062723c751e8b465ee728b)  -> (artifact id: 'f7b63d6a4dfeed8cf9c8f06c6ee6148a') in 0.018000 seconds
  Import took 0.020972 seconds .

========================================================================
Received Import Request.
  Time since last request: 0.006359 seconds.
  path: Assets/Images/justice_annoyed_shadow.png
  artifactKey: Guid(1777c3c20c90d344aa8b61715f390213) Importer(815301076,1909f56bfc062723c751e8b465ee728b)
Start importing Assets/Images/justice_annoyed_shadow.png using Guid(1777c3c20c90d344aa8b61715f390213) Importer(815301076,1909f56bfc062723c751e8b465ee728b)  -> (artifact id: 'f7b63d6a4dfeed8cf9c8f06c6ee6148a') in 0.017566 seconds
  Import took 0.021195 seconds .

========================================================================
Received Import Request.
  Time since last request: 3.367517 seconds.
  path: Assets/Images/background_castle_hall.png
  artifactKey: Guid(3a8d187508232914e90ab572db5e48dc) Importer(815301076,1909f56bfc062723c751e8b465ee728b)
Start importing Assets/Images/background_castle_hall.png using Guid(3a8d187508232914e90ab572db5e48dc) Importer(815301076,1909f56bfc062723c751e8b465ee728b)  -> (artifact id: '6b4c21abcbe7f4dc9791a0afa0b3e731') in 0.017533 seconds
  Import took 0.021241 seconds .

AssetImportWorkerClient::OnTransportError - code=2 error=End of file
